<?xml version="1.0" encoding="UTF-8"?>
<testsuite name="scenery2"
           tests="21"
           failures="1"
           errors="0"
           skipped="14"
           time="320.499">
  <properties />
            <testcase name="test填制凭证" time="16.329" classname="com.dzf.test.testscenery.TestScenery2">
                <failure type="com.dzf.test.util.MyException"
                  message="【会计科目选项一】 点击失败！"
              >
<![CDATA[com.dzf.test.util.MyException: 【会计科目选项一】 点击失败！
  com.dzf.test.model.Handler.click(Handler.java:234)
  com.dzf.test.page.accounting.凭证管理.填制凭证Page.saveVoucher(填制凭证Page.java:77)
  com.dzf.test.testscenery.TestScenery2.test填制凭证(TestScenery2.java:179)
  sun.reflect.NativeMethodAccessorImpl.invoke0(Native Method)
  sun.reflect.NativeMethodAccessorImpl.invoke(NativeMethodAccessorImpl.java:62)
  sun.reflect.DelegatingMethodAccessorImpl.invoke(DelegatingMethodAccessorImpl.java:43)
  java.lang.reflect.Method.invoke(Method.java:498)
  org.testng.internal.MethodInvocationHelper.invokeMethod(MethodInvocationHelper.java:86)
  org.testng.internal.Invoker.invokeMethod(Invoker.java:647)
  org.testng.internal.Invoker.invokeTestMethod(Invoker.java:824)
  org.testng.internal.Invoker.invokeTestMethods(Invoker.java:1132)
  org.testng.internal.TestMethodWorker.invokeTestMethods(TestMethodWorker.java:129)
  org.testng.internal.TestMethodWorker.run(TestMethodWorker.java:112)
  org.testng.TestRunner.privateRun(TestRunner.java:778)
  org.testng.TestRunner.run(TestRunner.java:632)
  org.testng.SuiteRunner.runTest(SuiteRunner.java:366)
  org.testng.SuiteRunner.runSequentially(SuiteRunner.java:361)
  org.testng.SuiteRunner.privateRun(SuiteRunner.java:319)
  org.testng.SuiteRunner.run(SuiteRunner.java:268)
  org.testng.SuiteRunnerWorker.runSuite(SuiteRunnerWorker.java:52)
  org.testng.SuiteRunnerWorker.run(SuiteRunnerWorker.java:86)
  org.testng.TestNG.runSuitesSequentially(TestNG.java:1222)
  org.testng.TestNG.runSuitesLocally(TestNG.java:1147)
  org.testng.TestNG.runSuites(TestNG.java:1072)
  org.testng.TestNG.run(TestNG.java:1044)
  org.testng.remote.AbstractRemoteTestNG.run(AbstractRemoteTestNG.java:126)
  org.testng.remote.RemoteTestNG.initAndRun(RemoteTestNG.java:137)
  org.testng.remote.RemoteTestNG.main(RemoteTestNG.java:58)
Caused by: org.openqa.selenium.TimeoutException: Timed out after 2 seconds waiting for element to be clickable: [[FirefoxDriver: firefox on WINDOWS (c057d57a-2d7c-4627-a3a8-a8e3981e6a73)] -> xpath: .//*[@id='COMBO_WRAP']/div[3]/div[1]/div[1]]
Build info: version: '2.41.0', revision: '3192d8a6c4449dc285928ba024779344f5423c58', time: '2014-03-27 11:29:39'
System info: host: 'dwk-pc', ip: '192.168.56.1', os.name: 'Windows 7', os.arch: 'amd64', os.version: '6.1', java.version: '1.8.0_77'
Driver info: org.openqa.selenium.firefox.FirefoxDriver
Capabilities [{applicationCacheEnabled=true, rotatable=false, handlesAlerts=true, databaseEnabled=true, version=19.0, platform=WINDOWS, browserConnectionEnabled=true, nativeEvents=false, acceptSslCerts=true, webStorageEnabled=true, locationContextEnabled=true, browserName=firefox, takesScreenshot=true, javascriptEnabled=true, cssSelectorsEnabled=true}]
Session ID: c057d57a-2d7c-4627-a3a8-a8e3981e6a73
  org.openqa.selenium.support.ui.WebDriverWait.timeoutException(WebDriverWait.java:80)
  org.openqa.selenium.support.ui.FluentWait.until(FluentWait.java:261)
  com.dzf.test.model.Handler.click(Handler.java:221)
  com.dzf.test.page.accounting.凭证管理.填制凭证Page.saveVoucher(填制凭证Page.java:77)
  com.dzf.test.testscenery.TestScenery2.test填制凭证(TestScenery2.java:179)
  sun.reflect.NativeMethodAccessorImpl.invoke0(Native Method)
  sun.reflect.NativeMethodAccessorImpl.invoke(NativeMethodAccessorImpl.java:62)
  sun.reflect.DelegatingMethodAccessorImpl.invoke(DelegatingMethodAccessorImpl.java:43)
  java.lang.reflect.Method.invoke(Method.java:498)
  org.testng.internal.MethodInvocationHelper.invokeMethod(MethodInvocationHelper.java:86)
  org.testng.internal.Invoker.invokeMethod(Invoker.java:647)
  org.testng.internal.Invoker.invokeTestMethod(Invoker.java:824)
  org.testng.internal.Invoker.invokeTestMethods(Invoker.java:1132)
  org.testng.internal.TestMethodWorker.invokeTestMethods(TestMethodWorker.java:129)
  org.testng.internal.TestMethodWorker.run(TestMethodWorker.java:112)
  org.testng.TestRunner.privateRun(TestRunner.java:778)
  org.testng.TestRunner.run(TestRunner.java:632)
  org.testng.SuiteRunner.runTest(SuiteRunner.java:366)
  org.testng.SuiteRunner.runSequentially(SuiteRunner.java:361)
  org.testng.SuiteRunner.privateRun(SuiteRunner.java:319)
  org.testng.SuiteRunner.run(SuiteRunner.java:268)
  org.testng.SuiteRunnerWorker.runSuite(SuiteRunnerWorker.java:52)
  org.testng.SuiteRunnerWorker.run(SuiteRunnerWorker.java:86)
  org.testng.TestNG.runSuitesSequentially(TestNG.java:1222)
  org.testng.TestNG.runSuitesLocally(TestNG.java:1147)
  org.testng.TestNG.runSuites(TestNG.java:1072)
  org.testng.TestNG.run(TestNG.java:1044)
  org.testng.remote.AbstractRemoteTestNG.run(AbstractRemoteTestNG.java:126)
  org.testng.remote.RemoteTestNG.initAndRun(RemoteTestNG.java:137)
  org.testng.remote.RemoteTestNG.main(RemoteTestNG.java:58)
]]>
      </failure>

          </testcase>
  
            <testcase name="test数量金额总账" time="0.0" classname="com.dzf.test.testscenery.TestScenery2">
          <skipped />
    </testcase>
            <testcase name="test凭证管理" time="0.0" classname="com.dzf.test.testscenery.TestScenery2">
          <skipped />
    </testcase>
            <testcase name="test增值税和营业税月度申报对比表" time="0.0" classname="com.dzf.test.testscenery.TestScenery2">
          <skipped />
    </testcase>
            <testcase name="test发生额及余额表" time="0.0" classname="com.dzf.test.testscenery.TestScenery2">
          <skipped />
    </testcase>
            <testcase name="test科目汇总表" time="0.0" classname="com.dzf.test.testscenery.TestScenery2">
          <skipped />
    </testcase>
            <testcase name="test科目明细帐" time="0.0" classname="com.dzf.test.testscenery.TestScenery2">
          <skipped />
    </testcase>
            <testcase name="test数量金额明细帐" time="0.0" classname="com.dzf.test.testscenery.TestScenery2">
          <skipped />
    </testcase>
            <testcase name="test利润表" time="0.0" classname="com.dzf.test.testscenery.TestScenery2">
          <skipped />
    </testcase>
            <testcase name="test现金银行日记账" time="0.0" classname="com.dzf.test.testscenery.TestScenery2">
          <skipped />
    </testcase>
            <testcase name="test科目总账" time="0.0" classname="com.dzf.test.testscenery.TestScenery2">
          <skipped />
    </testcase>
            <testcase name="test资产负债表" time="0.0" classname="com.dzf.test.testscenery.TestScenery2">
          <skipped />
    </testcase>
            <testcase name="test序时账" time="0.0" classname="com.dzf.test.testscenery.TestScenery2">
          <skipped />
    </testcase>
            <testcase name="test期末处理" time="0.0" classname="com.dzf.test.testscenery.TestScenery2">
          <skipped />
    </testcase>
            <testcase name="test利润表季报" time="0.0" classname="com.dzf.test.testscenery.TestScenery2">
          <skipped />
    </testcase>
  
            <testcase name="test汇率档案" time="34.923" classname="com.dzf.test.testscenery.TestScenery2" />
                <testcase name="test期初试算平衡" time="68.472" classname="com.dzf.test.testscenery.TestScenery2" />
                <testcase name="test填制凭证其它功能" time="108.629" classname="com.dzf.test.testscenery.TestScenery2" />
                <testcase name="test现金流量表" time="26.142" classname="com.dzf.test.testscenery.TestScenery2" />
                <testcase name="test期初试算平衡其它按钮" time="32.461" classname="com.dzf.test.testscenery.TestScenery2" />
                <testcase name="test会计科目" time="33.543" classname="com.dzf.test.testscenery.TestScenery2" />
      
</testsuite>
